<?xml version="1.0" encoding="UTF-8"?>
<!-- Generated by org.testng.reporters.JUnitXMLReporter -->
<testsuite ignored="0" hostname="LAKSHMAN-PC" failures="0" tests="3" name="Default test" time="0.182" errors="0" timestamp="2024-12-24T10:49:47 IST">
  <testcase classname="FrameworksPortion.dataProviders$dataP2" name="mobileLoani" time="0.02"/>
  <testcase classname="FrameworksPortion.dataProviders$dataP2" name="mobileLoani" time="0.008"/>
  <testcase classname="FrameworksPortion.dataProviders$dataP2" name="mobileLoani" time="0.005"/>
</testsuite> <!-- Default test -->
