<?xml version="1.0" encoding="UTF-8"?>
<!-- Generated by org.testng.reporters.JUnitXMLReporter -->
<testsuite ignored="0" hostname="LAKSHMAN-PC" failures="0" tests="3" name="Test" time="0.229" errors="0" timestamp="2024-12-24T11:54:55 IST">
  <testcase classname="FrameworksPortion.dataProviders$dataP2" name="mobileLoani" time="0.013"/>
  <testcase classname="FrameworksPortion.dataProviders$dataP2" name="mobileLoani" time="0.029"/>
  <testcase classname="FrameworksPortion.dataProviders$dataP2" name="mobileLoani" time="0.005"/>
</testsuite> <!-- Test -->
