<?xml version="1.0" encoding="UTF-8"?>
<testng-results ignored="0" total="3" passed="3" failed="0" skipped="0">
  <reporter-output>
  </reporter-output>
  <suite started-at="2024-12-24T11:54:55 IST" name="Suite" finished-at="2024-12-24T11:54:55 IST" duration-ms="229">
    <groups>
    </groups>
    <test started-at="2024-12-24T11:54:55 IST" name="Test" finished-at="2024-12-24T11:54:55 IST" duration-ms="229">
      <class name="FrameworksPortion.dataProviders$dataP2">
        <test-method signature="mobileLoani(java.lang.String,java.lang.String)[pri:0, instance:FrameworksPortion.dataProviders$dataP2@d86a6f]" started-at="2024-12-24T11:54:55 IST" name="mobileLoani" data-provider="dp" finished-at="2024-12-24T11:54:55 IST" duration-ms="13" status="PASS">
          <params>
            <param index="0">
              <value>
                <![CDATA[first name]]>
              </value>
            </param>
            <param index="1">
              <value>
                <![CDATA[pwd1]]>
              </value>
            </param>
          </params>
          <reporter-output>
          </reporter-output>
        </test-method> <!-- mobileLoani -->
        <test-method signature="mobileLoani(java.lang.String,java.lang.String)[pri:0, instance:FrameworksPortion.dataProviders$dataP2@d86a6f]" started-at="2024-12-24T11:54:55 IST" name="mobileLoani" data-provider="dp" finished-at="2024-12-24T11:54:55 IST" duration-ms="29" status="PASS">
          <params>
            <param index="0">
              <value>
                <![CDATA[second name]]>
              </value>
            </param>
            <param index="1">
              <value>
                <![CDATA[pwd2]]>
              </value>
            </param>
          </params>
          <reporter-output>
          </reporter-output>
        </test-method> <!-- mobileLoani -->
        <test-method signature="mobileLoani(java.lang.String,java.lang.String)[pri:0, instance:FrameworksPortion.dataProviders$dataP2@d86a6f]" started-at="2024-12-24T11:54:55 IST" name="mobileLoani" data-provider="dp" finished-at="2024-12-24T11:54:55 IST" duration-ms="5" status="PASS">
          <params>
            <param index="0">
              <value>
                <![CDATA[third name]]>
              </value>
            </param>
            <param index="1">
              <value>
                <![CDATA[pwd3]]>
              </value>
            </param>
          </params>
          <reporter-output>
          </reporter-output>
        </test-method> <!-- mobileLoani -->
      </class> <!-- FrameworksPortion.dataProviders$dataP2 -->
    </test> <!-- Test -->
  </suite> <!-- Suite -->
</testng-results>
